<?xml version="1.0" encoding="UTF-8"?>
<!-- Generated by org.testng.reporters.JUnitXMLReporter -->
<testsuite ignored="0" hostname="Arjun" failures="0" tests="4" name="Default test" time="0.038" errors="0" timestamp="20 May 2018 09:19:56 GMT">
  <testcase classname="Demosuite.TestDemo" name="test1" time="0.011"/>
  <testcase classname="Demosuite.TestDemo" name="test2" time="0.001"/>
  <testcase classname="Demosuite.TestDemo" name="test3" time="0.001"/>
  <testcase classname="Demosuite.TestDemo" name="test4" time="0.0"/>
</testsuite> <!-- Default test -->
