<?xml version="1.0" encoding="UTF-8"?>
<testng-results ignored="0" total="3" passed="3" failed="0" skipped="0">
  <reporter-output>
  </reporter-output>
  <suite started-at="2018-05-18T11:36:51Z" name="Default suite" finished-at="2018-05-18T11:36:51Z" duration-ms="27">
    <groups>
    </groups>
    <test started-at="2018-05-18T11:36:51Z" name="Default test" finished-at="2018-05-18T11:36:51Z" duration-ms="27">
      <class name="Demosuite.TestDemo">
        <test-method signature="test1()[pri:0, instance:Demosuite.TestDemo@7bedc48a]" started-at="2018-05-18T11:36:51Z" name="test1" finished-at="2018-05-18T11:36:51Z" duration-ms="7" status="PASS">
          <reporter-output>
          </reporter-output>
        </test-method> <!-- test1 -->
        <test-method signature="test2()[pri:0, instance:Demosuite.TestDemo@7bedc48a]" started-at="2018-05-18T11:36:51Z" name="test2" finished-at="2018-05-18T11:36:51Z" duration-ms="1" status="PASS">
          <reporter-output>
          </reporter-output>
        </test-method> <!-- test2 -->
        <test-method signature="test3()[pri:0, instance:Demosuite.TestDemo@7bedc48a]" started-at="2018-05-18T11:36:51Z" name="test3" finished-at="2018-05-18T11:36:51Z" duration-ms="1" status="PASS">
          <reporter-output>
          </reporter-output>
        </test-method> <!-- test3 -->
      </class> <!-- Demosuite.TestDemo -->
    </test> <!-- Default test -->
  </suite> <!-- Default suite -->
</testng-results>
